Starting Insertion Benchmark Brightkite Trivial Init
Completed Benchmark Brightkite Trivial Init in t=0.082
Starting Insertion Benchmark Brightkite Simple Init
Completed Benchmark Brightkite Simple Init in t=0.145
Starting Insertion Benchmark Brightkite Dynamic Init
Completed Benchmark Brightkite Dynamic Init in t=0.163
Starting Insertion Benchmark Brightkite Implicit Init
Completed Benchmark Brightkite Implicit Init in t=0.018


Starting Insertion Benchmark Brightkite Simple
Completed Benchmark Brightkite Simple in t=0.154
Starting Insertion Benchmark Brightkite Simple
Completed Benchmark Brightkite Simple in t=0.154
Starting Insertion Benchmark Brightkite Simple
Completed Benchmark Brightkite Simple in t=0.165
Starting Insertion Benchmark Brightkite Simple
Completed Benchmark Brightkite Simple in t=0.158
Starting Insertion Benchmark Brightkite Simple
Completed Benchmark Brightkite Simple in t=0.157
Average Benchmark Brightkite Simple in t=0.157

Starting Insertion Benchmark Brightkite Improved Dynamic
Completed Benchmark Brightkite Improved Dynamic in t=0.260
Starting Insertion Benchmark Brightkite Improved Dynamic
Completed Benchmark Brightkite Improved Dynamic in t=0.264
Starting Insertion Benchmark Brightkite Improved Dynamic
Completed Benchmark Brightkite Improved Dynamic in t=0.273
Starting Insertion Benchmark Brightkite Improved Dynamic
Completed Benchmark Brightkite Improved Dynamic in t=0.266
Starting Insertion Benchmark Brightkite Improved Dynamic
Completed Benchmark Brightkite Improved Dynamic in t=0.266
Average Benchmark Brightkite Improved Dynamic in t=0.266

Starting Insertion Benchmark Brightkite Implicit
Completed Benchmark Brightkite Implicit in t=0.161
Starting Insertion Benchmark Brightkite Implicit
Completed Benchmark Brightkite Implicit in t=0.161
Starting Insertion Benchmark Brightkite Implicit
Completed Benchmark Brightkite Implicit in t=0.170
Starting Insertion Benchmark Brightkite Implicit
Completed Benchmark Brightkite Implicit in t=0.173
Starting Insertion Benchmark Brightkite Implicit
Completed Benchmark Brightkite Implicit in t=0.166
Average Benchmark Brightkite Implicit in t=0.166

