Starting Insertion Benchmark Brightkite Trivial Init
Completed Benchmark Brightkite Trivial Init in t=0.080
Starting Insertion Benchmark Brightkite Simple Init
Completed Benchmark Brightkite Simple Init in t=0.147
Starting Insertion Benchmark Brightkite Dynamic Init
Completed Benchmark Brightkite Dynamic Init in t=0.152
Starting Insertion Benchmark Brightkite Implicit Init
Completed Benchmark Brightkite Implicit Init in t=0.018


Starting Insertion Benchmark Brightkite Trivial
Completed Benchmark Brightkite Trivial in t=84.779
Starting Insertion Benchmark Brightkite Trivial
Completed Benchmark Brightkite Trivial in t=74.613
Starting Insertion Benchmark Brightkite Trivial
Completed Benchmark Brightkite Trivial in t=75.629
Starting Insertion Benchmark Brightkite Trivial
Completed Benchmark Brightkite Trivial in t=75.625
Starting Insertion Benchmark Brightkite Trivial
Completed Benchmark Brightkite Trivial in t=75.585
Average Benchmark Brightkite Trivial in t=77.246

Starting Insertion Benchmark Brightkite Simple
Completed Benchmark Brightkite Simple in t=0.132
Starting Insertion Benchmark Brightkite Simple
Completed Benchmark Brightkite Simple in t=0.133
Starting Insertion Benchmark Brightkite Simple
Completed Benchmark Brightkite Simple in t=0.142
Starting Insertion Benchmark Brightkite Simple
Completed Benchmark Brightkite Simple in t=0.135
Starting Insertion Benchmark Brightkite Simple
Completed Benchmark Brightkite Simple in t=0.135
Average Benchmark Brightkite Simple in t=0.136

Starting Insertion Benchmark Brightkite Improved Dynamic
Completed Benchmark Brightkite Improved Dynamic in t=0.154
Starting Insertion Benchmark Brightkite Improved Dynamic
Completed Benchmark Brightkite Improved Dynamic in t=0.155
Starting Insertion Benchmark Brightkite Improved Dynamic
Completed Benchmark Brightkite Improved Dynamic in t=0.161
Starting Insertion Benchmark Brightkite Improved Dynamic
Completed Benchmark Brightkite Improved Dynamic in t=0.159
Starting Insertion Benchmark Brightkite Improved Dynamic
Completed Benchmark Brightkite Improved Dynamic in t=0.161
Average Benchmark Brightkite Improved Dynamic in t=0.158

Starting Insertion Benchmark Brightkite Implicit
Completed Benchmark Brightkite Implicit in t=0.099
Starting Insertion Benchmark Brightkite Implicit
Completed Benchmark Brightkite Implicit in t=0.096
Starting Insertion Benchmark Brightkite Implicit
Completed Benchmark Brightkite Implicit in t=0.101
Starting Insertion Benchmark Brightkite Implicit
Completed Benchmark Brightkite Implicit in t=0.100
Starting Insertion Benchmark Brightkite Implicit
Completed Benchmark Brightkite Implicit in t=0.103
Average Benchmark Brightkite Implicit in t=0.100

