Completed Empty Trivial in t=0.051
Starting Insertion Benchmark Facebook Simple
Completed Benchmark Facebook Simple in t=2.634
Starting Insertion Benchmark Facebook Simple
Completed Benchmark Facebook Simple in t=2.553
Starting Insertion Benchmark Facebook Simple
Completed Benchmark Facebook Simple in t=2.575
Starting Insertion Benchmark Facebook Simple
Completed Benchmark Facebook Simple in t=2.574
Starting Insertion Benchmark Facebook Simple
Completed Benchmark Facebook Simple in t=2.572
Average Benchmark Facebook Simple in t=2.582

Starting Insertion Benchmark Facebook Improved Incremental
Completed Benchmark Facebook Improved Incremental in t=2.243
Starting Insertion Benchmark Facebook Improved Incremental
Completed Benchmark Facebook Improved Incremental in t=2.222
Starting Insertion Benchmark Facebook Improved Incremental
Completed Benchmark Facebook Improved Incremental in t=2.234
Starting Insertion Benchmark Facebook Improved Incremental
Completed Benchmark Facebook Improved Incremental in t=2.234
Starting Insertion Benchmark Facebook Improved Incremental
Completed Benchmark Facebook Improved Incremental in t=2.205
Average Benchmark Facebook Improved Incremental in t=2.228

Starting Insertion Benchmark Facebook Implicit
Completed Benchmark Facebook Implicit in t=3.850
Starting Insertion Benchmark Facebook Implicit
Completed Benchmark Facebook Implicit in t=3.845
Starting Insertion Benchmark Facebook Implicit
Completed Benchmark Facebook Implicit in t=3.867
Starting Insertion Benchmark Facebook Implicit
Completed Benchmark Facebook Implicit in t=4.047
Starting Insertion Benchmark Facebook Implicit
Completed Benchmark Facebook Implicit in t=4.603
Average Benchmark Facebook Implicit in t=4.042

